fatal: not a git repository (or any parent up to mount point /gpfs)
Stopping at filesystem boundary (GIT_DISCOVERY_ACROSS_FILESYSTEM not set).
Cleaning build files...
fatal: not a git repository (or any parent up to mount point /gpfs)
Stopping at filesystem boundary (GIT_DISCOVERY_ACROSS_FILESYSTEM not set).
	Compiling hotcross.c
	Compiling jnu_mixed.c
	Compiling grid.c
	Compiling h5io.c
	Compiling tests.c
	Compiling scatter_super_photon.c
	Compiling coordinates.c
	Compiling compton.c
	Compiling track_super_photon.c
	Compiling interp.c
	Compiling par.c
	Compiling tablecache.c
	Compiling main.c
	Compiling geodesics.c
	Compiling radiation.c
	Compiling debug.c
	Compiling init_geometry.c
	Compiling malloc.c
	Compiling hdf5_utils.c
	Compiling random.c
	Compiling kappa_sampler.c
	Compiling tetrads.c
	Compiling utils.c
	Compiling model.c
	Linking grmonty
Completed build with model: hamr
CFLAGS: -std=gnu99 -O3 -march=native -mtune=native -flto -fopenmp -funroll-loops 
MD5: 01056ec55ee327bc86f6da609e4daa4e  grmonty
mv: cannot stat 'spectrum.h5': No such file or directory
